INFO: [VRFC 10-2263] Analyzing Verilog file "C:/Users/Hamza/Documents/UMN-EE-coursework/Spring 2024/EE 2301/labs/lab1A/lab1a.ip_user_files/bd/design_1/ipshared/7bd1/xup_xor2.srcs/sources_1/new/xup_xor2.v" into library xil_defaultlib
INFO: [VRFC 10-311] analyzing module xup_xor2
INFO: [VRFC 10-2263] Analyzing Verilog file "C:/Users/Hamza/Documents/UMN-EE-coursework/Spring 2024/EE 2301/labs/lab1A/lab1a.ip_user_files/bd/design_1/ip/design_1_xup_xor2_0_0/sim/design_1_xup_xor2_0_0.v" into library xil_defaultlib
INFO: [VRFC 10-311] analyzing module design_1_xup_xor2_0_0
INFO: [VRFC 10-2263] Analyzing Verilog file "C:/Users/Hamza/Documents/UMN-EE-coursework/Spring 2024/EE 2301/labs/lab1A/lab1a.ip_user_files/bd/design_1/ip/design_1_xup_xor2_1_0/sim/design_1_xup_xor2_1_0.v" into library xil_defaultlib
INFO: [VRFC 10-311] analyzing module design_1_xup_xor2_1_0
INFO: [VRFC 10-2263] Analyzing Verilog file "C:/Users/Hamza/Documents/UMN-EE-coursework/Spring 2024/EE 2301/labs/lab1A/lab1a.ip_user_files/bd/design_1/ipshared/778c/xup_and2.srcs/sources_1/new/xup_and2.v" into library xil_defaultlib
INFO: [VRFC 10-311] analyzing module xup_and2
INFO: [VRFC 10-2263] Analyzing Verilog file "C:/Users/Hamza/Documents/UMN-EE-coursework/Spring 2024/EE 2301/labs/lab1A/lab1a.ip_user_files/bd/design_1/ip/design_1_xup_and2_0_0/sim/design_1_xup_and2_0_0.v" into library xil_defaultlib
INFO: [VRFC 10-311] analyzing module design_1_xup_and2_0_0
INFO: [VRFC 10-2263] Analyzing Verilog file "C:/Users/Hamza/Documents/UMN-EE-coursework/Spring 2024/EE 2301/labs/lab1A/lab1a.ip_user_files/bd/design_1/ip/design_1_xup_and2_1_0/sim/design_1_xup_and2_1_0.v" into library xil_defaultlib
INFO: [VRFC 10-311] analyzing module design_1_xup_and2_1_0
INFO: [VRFC 10-2263] Analyzing Verilog file "C:/Users/Hamza/Documents/UMN-EE-coursework/Spring 2024/EE 2301/labs/lab1A/lab1a.ip_user_files/bd/design_1/ipshared/1ec9/xup_or2.srcs/sources_1/new/xup_or2.v" into library xil_defaultlib
INFO: [VRFC 10-311] analyzing module xup_or2
INFO: [VRFC 10-2263] Analyzing Verilog file "C:/Users/Hamza/Documents/UMN-EE-coursework/Spring 2024/EE 2301/labs/lab1A/lab1a.ip_user_files/bd/design_1/ip/design_1_xup_or2_0_0/sim/design_1_xup_or2_0_0.v" into library xil_defaultlib
INFO: [VRFC 10-311] analyzing module design_1_xup_or2_0_0
INFO: [VRFC 10-2263] Analyzing Verilog file "C:/Users/Hamza/Documents/UMN-EE-coursework/Spring 2024/EE 2301/labs/lab1A/lab1a.ip_user_files/bd/design_1/sim/design_1.v" into library xil_defaultlib
INFO: [VRFC 10-311] analyzing module design_1
INFO: [VRFC 10-2263] Analyzing Verilog file "C:/Users/Hamza/Documents/UMN-EE-coursework/Spring 2024/EE 2301/labs/lab1A/lab1a.gen/sources_1/bd/design_1/hdl/design_1_wrapper.v" into library xil_defaultlib
INFO: [VRFC 10-311] analyzing module design_1_wrapper
INFO: [VRFC 10-2263] Analyzing Verilog file "C:/Users/Hamza/Documents/UMN-EE-coursework/Spring 2024/EE 2301/labs/lab1A/lab1a.srcs/sim_1/new/lab_full_adder.v" into library xil_defaultlib
INFO: [VRFC 10-311] analyzing module full_adder_tb
