Time resolution is 1 ps
input 0: 0  input 1: 0  input 2: 0
Light 1:
  Green Light: 0  Yellow Light: 0  Red Light: 1
Light 2:
  Green Light: 0  Yellow Light: 0 Red Light: 1 
input 0: 1  input 1: 0  input 2: 0
Light 1:
  Green Light: 1  Yellow Light: 0  Red Light: 0
Light 2:
  Green Light: 0  Yellow Light: 0 Red Light: 1 
input 0: 0  input 1: 1  input 2: 0
Light 1:
  Green Light: 1  Yellow Light: 0  Red Light: 0
Light 2:
  Green Light: 0  Yellow Light: 0 Red Light: 1 
input 0: 1  input 1: 1  input 2: 0
Light 1:
  Green Light: 0  Yellow Light: 1  Red Light: 0
Light 2:
  Green Light: 0  Yellow Light: 0 Red Light: 1 
input 0: 0  input 1: 0  input 2: 1
Light 1:
  Green Light: 0  Yellow Light: 0  Red Light: 1
Light 2:
  Green Light: 0  Yellow Light: 0 Red Light: 1 
input 0: 1  input 1: 0  input 2: 1
Light 1:
  Green Light: 0  Yellow Light: 0  Red Light: 1
Light 2:
  Green Light: 1  Yellow Light: 0 Red Light: 0 
input 0: 0  input 1: 1  input 2: 1
Light 1:
  Green Light: 0  Yellow Light: 0  Red Light: 1
Light 2:
  Green Light: 1  Yellow Light: 0 Red Light: 0 
input 0: 1  input 1: 1  input 2: 1
Light 1:
  Green Light: 0  Yellow Light: 0  Red Light: 1
Light 2:
  Green Light: 0  Yellow Light: 1 Red Light: 0 
